#
# There is insufficient memory for the Java Runtime Environment to continue.
# Native memory allocation (mmap) failed to map 266338304 bytes for G1 virtual space
# Possible reasons:
#   The system is out of physical RAM or swap space
#   The process is running with CompressedOops enabled, and the Java Heap may be blocking the growth of the native heap
# Possible solutions:
#   Reduce memory load on the system
#   Increase physical memory or swap space
#   Check if swap backing store is full
#   Decrease Java heap size (-Xmx/-Xms)
#   Decrease number of Java threads
#   Decrease Java thread stack sizes (-Xss)
#   Set larger code cache with -XX:ReservedCodeCacheSize=
#   JVM is running with Zero Based Compressed Oops mode in which the Java heap is
#     placed in the first 32GB address space. The Java Heap base address is the
#     maximum limit for the native heap growth. Please use -XX:HeapBaseMinAddress
#     to set the Java Heap base and to place the Java Heap above 32GB virtual address.
# This output file may be truncated or incomplete.
#
#  Out of Memory Error (os_windows.cpp:3600), pid=9284, tid=20804
#
# JRE version:  (21.0.2+13) (build )
# Java VM: Java HotSpot(TM) 64-Bit Server VM (21.0.2+13-LTS-58, mixed mode, sharing, tiered, compressed oops, compressed class ptrs, g1 gc, windows-amd64)
# No core dump will be written. Minidumps are not enabled by default on client versions of Windows
#

---------------  S U M M A R Y ------------

Command Line: -DRHDA_TOKEN=ac21a035-52c2-4e5c-ad82-c53cf8909528 -DRHDA_SOURCE=vscode -DEXHORT_SYFT_PATH=syft -DEXHORT_SKOPEO_PATH=skopeo -DEXHORT_DOCKER_PATH=docker -DEXHORT_PODMAN_PATH=podman c:\Users\usuario\.vscode\extensions\redhat.fabric8-analytics-0.9.5\dist/../javaApiAdapter/exhort-java-api-adapter-1.0-SNAPSHOT-jar-with-dependencies.jar json

Host: Intel(R) Core(TM) i7-8665U CPU @ 1.90GHz, 8 cores, 15G,  Windows 10 , 64 bit Build 19041 (10.0.19041.4842)
Time: Mon Sep 16 10:38:08 2024 Hora est. Pacífico, Sudamérica elapsed time: 0.021220 seconds (0d 0h 0m 0s)

---------------  T H R E A D  ---------------

Current thread (0x000001dc86a3db10):  JavaThread "Unknown thread" [_thread_in_vm, id=20804, stack(0x000000c8aee00000,0x000000c8aef00000) (1024K)]

Stack: [0x000000c8aee00000,0x000000c8aef00000]
Native frames: (J=compiled Java code, j=interpreted, Vv=VM code, C=native code)
V  [jvm.dll+0x6cade9]
V  [jvm.dll+0x8569c1]
V  [jvm.dll+0x858d2e]
V  [jvm.dll+0x859413]
V  [jvm.dll+0x280e56]
V  [jvm.dll+0x6c74d5]
V  [jvm.dll+0x6bbeca]
V  [jvm.dll+0x355bca]
V  [jvm.dll+0x35d816]
V  [jvm.dll+0x3ae67e]
V  [jvm.dll+0x3ae928]
V  [jvm.dll+0x3295dc]
V  [jvm.dll+0x32a16b]
V  [jvm.dll+0x81efa9]
V  [jvm.dll+0x3bba01]
V  [jvm.dll+0x807928]
V  [jvm.dll+0x44f50e]
V  [jvm.dll+0x450e11]
C  [jli.dll+0x52a3]
C  [ucrtbase.dll+0x21bb2]
C  [KERNEL32.DLL+0x17374]
C  [ntdll.dll+0x4cc91]


---------------  P R O C E S S  ---------------

Threads class SMR info:
_java_thread_list=0x00007ffdd998bb88, length=0, elements={
}

Java Threads: ( => current thread )
Total: 0

Other Threads:
  0x000001dc88cc5480 WorkerThread "GC Thread#0"                     [id=18612, stack(0x000000c8aef00000,0x000000c8af000000) (1024K)]
  0x000001dc88cd6b20 ConcurrentGCThread "G1 Main Marker"            [id=6440, stack(0x000000c8af000000,0x000000c8af100000) (1024K)]
  0x000001dc88cd7620 WorkerThread "G1 Conc#0"                       [id=15652, stack(0x000000c8af100000,0x000000c8af200000) (1024K)]

[error occurred during error reporting (printing all threads), id 0xc0000005, EXCEPTION_ACCESS_VIOLATION (0xc0000005) at pc=0x00007ffdd90fc6a7]
VM state: not at safepoint (not fully initialized)

VM Mutex/Monitor currently owned by a thread:  ([mutex/lock_event])
[0x00007ffdd99fce68] Heap_lock - owner thread: 0x000001dc86a3db10

Heap address: 0x0000000703000000, size: 4048 MB, Compressed Oops mode: Zero based, Oop shift amount: 3

CDS archive(s) mapped at: [0x0000000000000000-0x0000000000000000-0x0000000000000000), size 0, SharedBaseAddress: 0x0000000800000000, ArchiveRelocationMode: 1.
Narrow klass base: 0x0000000000000000, Narrow klass shift: 0, Narrow klass range: 0x0

GC Precious Log:
 CardTable entry size: 512
 Card Set container configuration: InlinePtr #cards 4 size 8 Array Of Cards #cards 16 size 48 Howl #buckets 8 coarsen threshold 3686 Howl Bitmap #cards 512 size 80 coarsen threshold 460 Card regions per heap region 1 cards per card region 4096

Heap:
 garbage-first heap   total 0K, used 0K [0x0000000703000000, 0x0000000800000000)
  region size 2048K, 0 young (0K), 0 survivors (0K)

[error occurred during error reporting (printing heap information), id 0xc0000005, EXCEPTION_ACCESS_VIOLATION (0xc0000005) at pc=0x00007ffdd94e39f9]
GC Heap History (0 events):
No events

Dll operation events (1 events):
Event: 0.013 Loaded shared library C:\Program Files\Java\jdk-21\bin\java.dll

Deoptimization events (0 events):
No events

Classes loaded (0 events):
No events

Classes unloaded (0 events):
No events

Classes redefined (0 events):
No events

Internal exceptions (0 events):
No events

ZGC Phase Switch (0 events):
No events

VM Operations (0 events):
No events

Events (0 events):
No events


Dynamic libraries:
0x00007ff7bcd70000 - 0x00007ff7bcd80000 	C:\Program Files\Java\jdk-21\bin\java.exe
0x00007ffe9cad0000 - 0x00007ffe9ccc8000 	C:\Windows\SYSTEM32\ntdll.dll
0x00007ffe9b750000 - 0x00007ffe9b811000 	C:\Windows\System32\KERNEL32.DLL
0x00007ffe9a330000 - 0x00007ffe9a62d000 	C:\Windows\System32\KERNELBASE.dll
0x00007ffe96fc0000 - 0x00007ffe97054000 	C:\Windows\SYSTEM32\apphelp.dll
0x00007ffe9a660000 - 0x00007ffe9a760000 	C:\Windows\System32\ucrtbase.dll
0x00007ffe96450000 - 0x00007ffe9646b000 	C:\Program Files\Java\jdk-21\bin\VCRUNTIME140.dll
0x00007ffe95f80000 - 0x00007ffe95f99000 	C:\Program Files\Java\jdk-21\bin\jli.dll
0x00007ffe9ab00000 - 0x00007ffe9abb0000 	C:\Windows\System32\ADVAPI32.dll
0x00007ffe9b6b0000 - 0x00007ffe9b74e000 	C:\Windows\System32\msvcrt.dll
0x00007ffe9b500000 - 0x00007ffe9b5a0000 	C:\Windows\System32\sechost.dll
0x00007ffe9bb90000 - 0x00007ffe9bcb3000 	C:\Windows\System32\RPCRT4.dll
0x00007ffe9a630000 - 0x00007ffe9a657000 	C:\Windows\System32\bcrypt.dll
0x00007ffe9c2d0000 - 0x00007ffe9c46d000 	C:\Windows\System32\USER32.dll
0x00007ffe88e10000 - 0x00007ffe890aa000 	C:\Windows\WinSxS\amd64_microsoft.windows.common-controls_6595b64144ccf1df_6.0.19041.4355_none_60b8b9eb71f62e16\COMCTL32.dll
0x00007ffe9aad0000 - 0x00007ffe9aaf2000 	C:\Windows\System32\win32u.dll
0x00007ffe9c990000 - 0x00007ffe9c9bb000 	C:\Windows\System32\GDI32.dll
0x00007ffe9a900000 - 0x00007ffe9aa17000 	C:\Windows\System32\gdi32full.dll
0x00007ffe9a7f0000 - 0x00007ffe9a88d000 	C:\Windows\System32\msvcp_win.dll
0x00007ffe87840000 - 0x00007ffe8784a000 	C:\Windows\SYSTEM32\VERSION.dll
0x00007ffe9b4d0000 - 0x00007ffe9b4ff000 	C:\Windows\System32\IMM32.DLL
0x00007ffe8a960000 - 0x00007ffe8a96c000 	C:\Program Files\Java\jdk-21\bin\vcruntime140_1.dll
0x00007ffe78fa0000 - 0x00007ffe7902e000 	C:\Program Files\Java\jdk-21\bin\msvcp140.dll
0x00007ffdd8dc0000 - 0x00007ffdd9ad7000 	C:\Program Files\Java\jdk-21\bin\server\jvm.dll
0x00007ffe9b830000 - 0x00007ffe9b89b000 	C:\Windows\System32\WS2_32.dll
0x00007ffe996d0000 - 0x00007ffe9971b000 	C:\Windows\SYSTEM32\POWRPROF.dll
0x00007ffe7e130000 - 0x00007ffe7e157000 	C:\Windows\SYSTEM32\WINMM.dll
0x00007ffe99540000 - 0x00007ffe99552000 	C:\Windows\SYSTEM32\UMPDC.dll
0x00007ffe97fc0000 - 0x00007ffe97fd2000 	C:\Windows\SYSTEM32\kernel.appcore.dll
0x00007ffe8a950000 - 0x00007ffe8a95a000 	C:\Program Files\Java\jdk-21\bin\jimage.dll
0x00007ffe91090000 - 0x00007ffe91274000 	C:\Windows\SYSTEM32\DBGHELP.DLL
0x00007ffe873f0000 - 0x00007ffe87424000 	C:\Windows\SYSTEM32\dbgcore.DLL
0x00007ffe9a760000 - 0x00007ffe9a7e2000 	C:\Windows\System32\bcryptPrimitives.dll
0x00007ffe89dd0000 - 0x00007ffe89def000 	C:\Program Files\Java\jdk-21\bin\java.dll

dbghelp: loaded successfully - version: 4.0.5 - missing functions: none
symbol engine: initialized successfully - sym options: 0x614 - pdb path: .;C:\Program Files\Java\jdk-21\bin;C:\Windows\SYSTEM32;C:\Windows\WinSxS\amd64_microsoft.windows.common-controls_6595b64144ccf1df_6.0.19041.4355_none_60b8b9eb71f62e16;C:\Program Files\Java\jdk-21\bin\server

VM Arguments:
jvm_args: -DRHDA_TOKEN=ac21a035-52c2-4e5c-ad82-c53cf8909528 -DRHDA_SOURCE=vscode -DEXHORT_SYFT_PATH=syft -DEXHORT_SKOPEO_PATH=skopeo -DEXHORT_DOCKER_PATH=docker -DEXHORT_PODMAN_PATH=podman 
java_command: c:\Users\usuario\.vscode\extensions\redhat.fabric8-analytics-0.9.5\dist/../javaApiAdapter/exhort-java-api-adapter-1.0-SNAPSHOT-jar-with-dependencies.jar json
java_class_path (initial): c:\Users\usuario\.vscode\extensions\redhat.fabric8-analytics-0.9.5\dist/../javaApiAdapter/exhort-java-api-adapter-1.0-SNAPSHOT-jar-with-dependencies.jar
Launcher Type: SUN_STANDARD

[Global flags]
     intx CICompilerCount                          = 4                                         {product} {ergonomic}
     uint ConcGCThreads                            = 2                                         {product} {ergonomic}
     uint G1ConcRefinementThreads                  = 8                                         {product} {ergonomic}
   size_t G1HeapRegionSize                         = 2097152                                   {product} {ergonomic}
    uintx GCDrainStackTargetSize                   = 64                                        {product} {ergonomic}
   size_t InitialHeapSize                          = 266338304                                 {product} {ergonomic}
   size_t MarkStackSize                            = 4194304                                   {product} {ergonomic}
   size_t MaxHeapSize                              = 4244635648                                {product} {ergonomic}
   size_t MinHeapDeltaBytes                        = 2097152                                   {product} {ergonomic}
   size_t MinHeapSize                              = 8388608                                   {product} {ergonomic}
    uintx NonNMethodCodeHeapSize                   = 5839372                                {pd product} {ergonomic}
    uintx NonProfiledCodeHeapSize                  = 122909434                              {pd product} {ergonomic}
    uintx ProfiledCodeHeapSize                     = 122909434                              {pd product} {ergonomic}
    uintx ReservedCodeCacheSize                    = 251658240                              {pd product} {ergonomic}
     bool SegmentedCodeCache                       = true                                      {product} {ergonomic}
   size_t SoftMaxHeapSize                          = 4244635648                             {manageable} {ergonomic}
     bool UseCompressedOops                        = true                           {product lp64_product} {ergonomic}
     bool UseG1GC                                  = true                                      {product} {ergonomic}
     bool UseLargePagesIndividualAllocation        = false                                  {pd product} {ergonomic}

Logging:
Log output configuration:
 #0: stdout all=warning uptime,level,tags foldmultilines=false
 #1: stderr all=off uptime,level,tags foldmultilines=false

Environment Variables:
JAVA_HOME=C:\Program Files\Java\jdk-21
PATH=C:\Program Files\Common Files\Oracle\Java\javapath;C:\Program Files (x86)\Common Files\Oracle\Java\javapath;C:\Windows\system32;C:\Windows;C:\Windows\System32\Wbem;C:\Windows\System32\WindowsPowerShell\v1.0\;C:\Windows\System32\OpenSSH\;C:\Program Files\dotnet\;C:\Users\usuario\AppData\Local\Android\Sdk\platform-tools;C:\Program Files\nodejs\;C:\Users\usuario\Downloads\php-8.3.4\php-8.3.4;C:\Program Files\Docker\Docker\resources\bin;C:\tools\php\php-8.3.4;C:\Users\usuario\Downloads\flutter_windows_3.19.6-stable\flutter\bin;C:\Program Files\Git\cmd;C:\apache-maven-3.9.6-bin\apache-maven-3.9.6\bin;C:\Program Files\Amazon\AWSCLIV2\;C:\Program Files\MySQL\MySQL Server 8.0\bin;C:\Program Files\MySQL\MySQL Shell 8.0\bin\;C:\Users\usuario\AppData\Local\Programs\Python\Python311\Scripts\;C:\Users\usuario\AppData\Local\Programs\Python\Python311\;C:\Users\usuario\AppData\Local\Microsoft\WindowsApps;C:\Users\usuario\AppData\Local\Programs\Microsoft VS Code\bin;C:\Users\usuario\AppData\Local\Android\Sdk\platform-tools;C:\Users\usuario\AppData\Roaming\npm;C:\tools\php\php-8.3.4;C:\Users\usuario\Downloads\flutter_windows_3.19.6-stable\flutter\bin;C:\apache-maven-3.9.6-bin\apache-maven-3.9.6\bin;C:\Users\usuario\.dotnet\tools
USERNAME=usuario
OS=Windows_NT
PROCESSOR_IDENTIFIER=Intel64 Family 6 Model 142 Stepping 12, GenuineIntel
TMP=C:\Users\usuario\AppData\Local\Temp
TEMP=C:\Users\usuario\AppData\Local\Temp




Periodic native trim disabled

---------------  S Y S T E M  ---------------

OS:
 Windows 10 , 64 bit Build 19041 (10.0.19041.4842)
OS uptime: 1 days 3:09 hours
Hyper-V role detected

CPU: total 8 (initial active 8) (4 cores per cpu, 2 threads per core) family 6 model 142 stepping 12 microcode 0xfa, cx8, cmov, fxsr, ht, mmx, 3dnowpref, sse, sse2, sse3, ssse3, sse4.1, sse4.2, popcnt, lzcnt, tsc, tscinvbit, avx, avx2, aes, erms, clmul, bmi1, bmi2, adx, fma, vzeroupper, clflush, clflushopt, hv, rdtscp, f16c
Processor Information for all 8 processors :
  Max Mhz: 2112, Current Mhz: 1910, Mhz Limit: 1900

Memory: 4k page, system-wide physical 16190M (2075M free)
TotalPageFile size 24382M (AvailPageFile size 191M)
current process WorkingSet (physical memory assigned to process): 11M, peak: 11M
current process commit charge ("private bytes"): 60M, peak: 314M

vm_info: Java HotSpot(TM) 64-Bit Server VM (21.0.2+13-LTS-58) for windows-amd64 JRE (21.0.2+13-LTS-58), built on 2024-01-05T18:32:24Z by "mach5one" with MS VC++ 17.1 (VS2022)

END.
